LOG: flowvisor.c:996 -- 0.026557                : set logging threshold to 0'
LOG: dns_lookup.c:55 -- 0.074273                : couldn't open file hosts :: (null)
LOG: p_partition_guest.c:53 -- 0.110557         : parsing user flowvisor-conf.d-of1-0/production.guest
LOG: switch_acl.c:521 -- 0.118161               : 	parsing switch flowvisor-conf.d-of1-0/switch1.switch
LOG: p_partition_guest.c:720 -- 0.169507        :  ADD adding switch 0 to guest -1 max=10 n=1
LOG: switch_acl.c:521 -- 0.170313               : 	parsing switch flowvisor-conf.d-of1-0/default.switch
LOG: flowvisor.c:288 -- 0.207245                : Creating new connection to guest production on tcp:localhost:7001
PKT: flowvisor.c:234 -- 0.212229                : done S1 CPU time 0.110439
PKT: flowvisor.c:239 -- 0.213049                : done S2 CPU time 0.001064
PKT: flowvisor.c:829 -- 0.213835                : handle_guest guestID=1
PKT: flowvisor.c:907 -- 0.214286                : 	returning 11
PKT: flowvisor.c:244 -- 0.215346                : done S3 CPU time 0.002369
PKT: flowvisor.c:250 -- 0.217863                : WAITING on 0 switches; 1 guests; 1 switch listenners: CPU time 0.115966
PKT: flowvisor.c:252 -- 0.453841                : Done waiting
LOG: flowvisor.c:478 -- 0.478996                : NEW SWITCH: temp id=-1 index=0 rconn_name=tcp
PKT: flowvisor.c:234 -- 0.502174                : done S1 CPU time 0.047398
DBG: flowvisor.c:772 -- 0.503299                : handle_switch_unidentified(switchID=-1)
PKT: flowvisor.c:239 -- 0.508128                : done S2 CPU time 0.005954
PKT: flowvisor.c:829 -- 0.508225                : handle_guest guestID=1
PKT: flowvisor.c:907 -- 0.508308                : 	returning 11
PKT: flowvisor.c:244 -- 0.508390                : done S3 CPU time 0.000269
PKT: flowvisor.c:250 -- 0.511383                : WAITING on 1 switches; 1 guests; 1 switch listenners: CPU time 0.056610
PKT: flowvisor.c:252 -- 0.512495                : Done waiting
PKT: flowvisor.c:234 -- 0.512593                : done S1 CPU time 0.000022
DBG: flowvisor.c:772 -- 0.512688                : handle_switch_unidentified(switchID=-1)
DBG: flowvisor.c:777 -- 0.552837                : 	got MSG
-------------
features_reply (xid=0xefbeadde): ver:0x1, dpid:1
n_tables:2, n_buffers:128
features: capabilities:0x7, actions:0x1
 0(port 0): addr:31:30:00:00:00:00, config: 0, state:0
 1(port 1): addr:31:31:30:30:30:30, config: 0, state:0
 2(port 2): addr:31:32:30:30:30:30, config: 0, state:0
 3(port 3): addr:31:33:30:30:30:30, config: 0, state:0
00000000  01 06 00 e0 ef be ad de-00 00 00 00 00 00 00 01 |................|
00000010  00 00 00 80 02 00 00 00-00 00 00 07 00 00 00 01 |................|
00000020  00 00 31 30 00 00 00 00-70 6f 72 74 20 30 00 00 |..10....port 0..|
00000030  00 00 00 00 00 00 00 00-00 00 00 00 00 00 00 00 |................|
00000040  00 00 00 00 00 00 00 00-00 00 00 00 00 00 00 00 |................|
00000050  00 01 31 31 30 30 30 30-70 6f 72 74 20 31 00 00 |..110000port 1..|
00000060  00 00 00 00 00 00 00 00-00 00 00 00 00 00 00 00 |................|
00000070  00 00 00 00 00 00 00 00-00 00 00 00 00 00 00 00 |................|
00000080  00 02 31 32 30 30 30 30-70 6f 72 74 20 32 00 00 |..120000port 2..|
00000090  00 00 00 00 00 00 00 00-00 00 00 00 00 00 00 00 |................|
000000a0  00 00 00 00 00 00 00 00-00 00 00 00 00 00 00 00 |................|
000000b0  00 03 31 33 30 30 30 30-70 6f 72 74 20 33 00 00 |..130000port 3..|
000000c0  00 00 00 00 00 00 00 00-00 00 00 00 00 00 00 00 |................|
000000d0  00 00 00 00 00 00 00 00-00 00 00 00 00 00 00 00 |................|

-------------
LOG: dns_lookup.c:120 -- 0.556080               :  no DNS cache entry for 127.0.0.1
LOG: p_partition_add.c:93 -- 0.559600           : Found datapath ID: 1
DBG: p_partition.c:217 -- 0.569408              :  trying to decide if we should connect switch1 to production: 4 ports in restrict set
DBG: flowvisor.c:640 -- 0.666742                : connecting switch switch1/switch1 (id=0/0) to guest production (id=1) switchIndex=0 guestID=1
LOG: flowvisor.c:805 -- 0.667689                : CONNECTED SWITCH switch1 id=0 index=0 rconn_name=tcp
PKT: flowvisor.c:239 -- 0.667811                : done S2 CPU time 0.155217
PKT: flowvisor.c:829 -- 0.667898                : handle_guest guestID=1
PKT: flowvisor.c:907 -- 0.671320                : 	returning 11
PKT: flowvisor.c:244 -- 0.671408                : done S3 CPU time 0.003598
PKT: flowvisor.c:250 -- 0.672433                : WAITING on 1 switches; 1 guests; 1 switch listenners: CPU time 0.159857
PKT: flowvisor.c:252 -- 0.672557                : Done waiting
PKT: flowvisor.c:234 -- 0.672653                : done S1 CPU time 0.000022
PKT: flowvisor.c:239 -- 0.673888                : done S2 CPU time 0.001231
PKT: flowvisor.c:829 -- 0.674009                : handle_guest guestID=1
DBG: flowvisor.c:849 -- 0.677718                : 	handle_guest 1 : got msg for switch1 ( 0)
------------------------
features_request (xid=0x5680f7aa):00000000  01 05 00 08 56 80 f7 aa-                        |....V...        |

-----------------------
DBG: token_bucket.c:45 -- 0.680628              : token_bucket spare=1 delta = 0.000000 ; new tokens = 0.000000 total tokens = 199.000000, max tokens = 200.000000 rate = 200.000000
DBG: p_partition_approve.c:146 -- 0.709309      : XIDTRANS:  approve	Got ofp_features_request for switch switch1 from guest production : aaf78056 -> 100
DBG: flowvisor.c:857 -- 0.710104                : 	handle_guest 1: msg approved: responses 1
DBG: flowvisor.c:863 -- 0.712406                : 	sending from guest=production to switch=switch1 msg approved: resp 0 : MSG_SUMMARY=ofp_features_request(xid=100)
PKT: flowvisor.c:907 -- 0.713316                : 	returning 0
PKT: flowvisor.c:829 -- 0.713624                : handle_guest guestID=1
PKT: flowvisor.c:907 -- 0.713739                : 	returning 11
PKT: flowvisor.c:244 -- 0.713824                : done S3 CPU time 0.039940
PKT: flowvisor.c:250 -- 0.713935                : WAITING on 1 switches; 1 guests; 1 switch listenners: CPU time 0.041293
PKT: flowvisor.c:252 -- 0.721047                : Done waiting
PKT: flowvisor.c:234 -- 0.721155                : done S1 CPU time 0.000020
DBG: flowvisor.c:696 -- 0.726916                : 	got MSG from switch switch1 
-------------
features_reply (xid=0x10000): ver:0x1, dpid:1
n_tables:2, n_buffers:128
features: capabilities:0x7, actions:0x1
 0(port 0): addr:31:30:00:00:00:00, config: 0, state:0
 1(port 1): addr:31:31:30:30:30:30, config: 0, state:0
 2(port 2): addr:31:32:30:30:30:30, config: 0, state:0
 3(port 3): addr:31:33:30:30:30:30, config: 0, state:0
00000000  01 06 00 e0 00 01 00 00-00 00 00 00 00 00 00 01 |................|
00000010  00 00 00 80 02 00 00 00-00 00 00 07 00 00 00 01 |................|
00000020  00 00 31 30 00 00 00 00-70 6f 72 74 20 30 00 00 |..10....port 0..|
00000030  00 00 00 00 00 00 00 00-00 00 00 00 00 00 00 00 |................|
00000040  00 00 00 00 00 00 00 00-00 00 00 00 00 00 00 00 |................|
00000050  00 01 31 31 30 30 30 30-70 6f 72 74 20 31 00 00 |..110000port 1..|
00000060  00 00 00 00 00 00 00 00-00 00 00 00 00 00 00 00 |................|
00000070  00 00 00 00 00 00 00 00-00 00 00 00 00 00 00 00 |................|
00000080  00 02 31 32 30 30 30 30-70 6f 72 74 20 32 00 00 |..120000port 2..|
00000090  00 00 00 00 00 00 00 00-00 00 00 00 00 00 00 00 |................|
000000a0  00 00 00 00 00 00 00 00-00 00 00 00 00 00 00 00 |................|
000000b0  00 03 31 33 30 30 30 30-70 6f 72 74 20 33 00 00 |..130000port 3..|
000000c0  00 00 00 00 00 00 00 00-00 00 00 00 00 00 00 00 |................|
000000d0  00 00 00 00 00 00 00 00-00 00 00 00 00 00 00 00 |................|

-------------
LOG: p_partition_lookup.c:118 -- 0.731080       : XIDTRANS: lookup	Got ofp_features_reply for guest production from switch switch1 : 100 -> aaf78056
DBG: flowvisor.c:755 -- 0.739544                :  sending msg MSG_SUMMARY=ofp_features_reply(xid=aaf78056) to 1 guests:  production 
PKT: flowvisor.c:239 -- 0.739830                : done S2 CPU time 0.018669
PKT: flowvisor.c:829 -- 0.739960                : handle_guest guestID=1
PKT: flowvisor.c:907 -- 0.740081                : 	returning 11
PKT: flowvisor.c:244 -- 0.740170                : done S3 CPU time 0.000346
PKT: flowvisor.c:250 -- 0.740279                : WAITING on 1 switches; 1 guests; 1 switch listenners: CPU time 0.019144
PKT: flowvisor.c:252 -- 2.224265                : Done waiting
PKT: flowvisor.c:234 -- 2.256710                : done S1 CPU time 0.032198
PKT: flowvisor.c:239 -- 2.256892                : done S2 CPU time 0.000185
PKT: flowvisor.c:829 -- 2.257033                : handle_guest guestID=1
DBG: flowvisor.c:849 -- 2.258797                : 	handle_guest 1 : got msg for switch1 ( 0)
------------------------
features_request (xid=0x2d47c5eb):00000000  01 05 00 08 2d 47 c5 eb-                        |....-G..        |

-----------------------
DBG: token_bucket.c:45 -- 2.261326              : token_bucket spare=1 delta = 1.579711 ; new tokens = 315.942200 total tokens = 199.000000, max tokens = 200.000000 rate = 200.000000
DBG: p_partition_approve.c:146 -- 2.266739      : XIDTRANS:  approve	Got ofp_features_request for switch switch1 from guest production : ebc5472d -> 101
DBG: flowvisor.c:857 -- 2.266837                : 	handle_guest 1: msg approved: responses 1
DBG: flowvisor.c:863 -- 2.266947                : 	sending from guest=production to switch=switch1 msg approved: resp 0 : MSG_SUMMARY=ofp_features_request(xid=101)
PKT: flowvisor.c:907 -- 2.267150                : 	returning 0
PKT: flowvisor.c:829 -- 2.267240                : handle_guest guestID=1
PKT: flowvisor.c:907 -- 2.267342                : 	returning 11
PKT: flowvisor.c:244 -- 2.267426                : done S3 CPU time 0.010536
PKT: flowvisor.c:250 -- 2.267529                : WAITING on 1 switches; 1 guests; 1 switch listenners: CPU time 0.043022
PKT: flowvisor.c:252 -- 2.293876                : Done waiting
PKT: flowvisor.c:234 -- 2.294150                : done S1 CPU time 0.000059
PKT: flowvisor.c:239 -- 2.294571                : done S2 CPU time 0.000417
PKT: flowvisor.c:829 -- 2.294926                : handle_guest guestID=1
DBG: flowvisor.c:849 -- 2.303012                : 	handle_guest 1 : got msg for switch1 ( 0)
------------------------
set_config (xid=0x0): miss_send_len=128
00000000  01 09 00 0c 00 00 00 00-00 00 00 80             |............    |

-----------------------
DBG: token_bucket.c:45 -- 2.306821              : token_bucket spare=1 delta = 0.044346 ; new tokens = 8.869200 total tokens = 199.000000, max tokens = 200.000000 rate = 200.000000
DBG: p_partition_approve.c:146 -- 2.316145      : XIDTRANS:  approve	Got ofp_set_config for switch switch1 from guest production : 0 -> 102
DBG: flowvisor.c:857 -- 2.316682                : 	handle_guest 1: msg approved: responses 1
DBG: flowvisor.c:863 -- 2.316787                : 	sending from guest=production to switch=switch1 msg approved: resp 0 : MSG_SUMMARY=ofp_set_config(xid=102)
PKT: flowvisor.c:907 -- 2.316998                : 	returning 0
PKT: flowvisor.c:829 -- 2.317088                : handle_guest guestID=1
PKT: flowvisor.c:907 -- 2.317194                : 	returning 11
PKT: flowvisor.c:244 -- 2.317278                : done S3 CPU time 0.022755
PKT: flowvisor.c:250 -- 2.317378                : WAITING on 1 switches; 1 guests; 1 switch listenners: CPU time 0.023330
LOG: flowvisor.c:1167 -- 2.325001               : Got SIGUSR1
PKT: flowvisor.c:252 -- 2.331401                : Done waiting
ERR: flowvisor.c:255 -- 2.336264                : Exiting normally
