==6302== Memcheck, a memory error detector.
==6302== Copyright (C) 2002-2007, and GNU GPL'd, by Julian Seward et al.
==6302== Using LibVEX rev 1804, a library for dynamic binary translation.
==6302== Copyright (C) 2004-2007, and GNU GPL'd, by OpenWorks LLP.
==6302== Using valgrind-3.3.0, a dynamic binary instrumentation framework.
==6302== Copyright (C) 2000-2007, and GNU GPL'd, by Julian Seward et al.
==6302== For more details, rerun with: -v
==6302== 
==6302== My PID = 6302, parent PID = 6299.  Prog and args are:
==6302==    ../flowvisor
==6302==    -a
==6302==    flowvisor-conf.d-of1-0
==6302==    -v0
==6302==    ptcp:16633
==6302== 
==6302== 
==6302== ERROR SUMMARY: 0 errors from 0 contexts (suppressed: 17 from 1)
==6302== malloc/free: in use at exit: 22,114,488 bytes in 51 blocks.
==6302== malloc/free: 181 allocs, 130 frees, 22,139,127 bytes allocated.
==6302== For counts of detected errors, rerun with: -v
==6302== searching for pointers to 51 not-freed blocks.
==6302== checked 22,426,672 bytes.
==6302== 
==6302== LEAK SUMMARY:
==6302==    definitely lost: 9,844 bytes in 4 blocks.
==6302==      possibly lost: 21,308,260 bytes in 1 blocks.
==6302==    still reachable: 796,384 bytes in 46 blocks.
==6302==         suppressed: 0 bytes in 0 blocks.
==6302== Rerun with --leak-check=full to see details of leaked memory.
